# JRE version: OpenJDK Runtime Environment Microsoft-7208460 (11.0.18+10) (build 11.0.18+10-LTS)
# Java VM: OpenJDK 64-Bit Server VM Microsoft-7208460 (11.0.18+10-LTS, mixed mode, tiered, compressed oops, g1 gc, windows-amd64)
Heap:
 garbage-first heap   total 313344K, used 235619K [0x0000000080000000, 0x0000000100000000)
  region size 1024K, 30 young (30720K), 8 survivors (8192K)
 Metaspace       used 120538K, capacity 125132K, committed 125776K, reserved 624640K
  class space    used 15735K, capacity 17476K, committed 17664K, reserved 516096K
GC Heap History (20 events):
Event: 61.581 GC heap before
{Heap before GC invocations=56 (full 0):
 garbage-first heap   total 256000K, used 193405K [0x0000000080000000, 0x0000000100000000)
  region size 1024K, 41 young (41984K), 2 survivors (2048K)
 Metaspace       used 107997K, capacity 111830K, committed 112080K, reserved 614400K
  class space    used 14189K, capacity 15669K, committed 15744K, reserved 516096K
}
Event: 61.587 GC heap after
{Heap after GC invocations=57 (full 0):
 garbage-first heap   total 256000K, used 157034K [0x0000000080000000, 0x0000000100000000)
  region size 1024K, 6 young (6144K), 6 survivors (6144K)
 Metaspace       used 107997K, capacity 111830K, committed 112080K, reserved 614400K
  class space    used 14189K, capacity 15669K, committed 15744K, reserved 516096K
}
Event: 62.131 GC heap before
{Heap before GC invocations=57 (full 0):
 garbage-first heap   total 256000K, used 195946K [0x0000000080000000, 0x0000000100000000)
  region size 1024K, 44 young (45056K), 6 survivors (6144K)
 Metaspace       used 109581K, capacity 113573K, committed 113872K, reserved 614400K
  class space    used 14400K, capacity 15940K, committed 16000K, reserved 516096K
}
Event: 62.145 GC heap after
{Heap after GC invocations=58 (full 0):
 garbage-first heap   total 256000K, used 162394K [0x0000000080000000, 0x0000000100000000)
  region size 1024K, 6 young (6144K), 6 survivors (6144K)
 Metaspace       used 109581K, capacity 113573K, committed 113872K, reserved 614400K
  class space    used 14400K, capacity 15940K, committed 16000K, reserved 516096K
}
Event: 62.889 GC heap before
{Heap before GC invocations=59 (full 0):
 garbage-first heap   total 256000K, used 201306K [0x0000000080000000, 0x0000000100000000)
  region size 1024K, 44 young (45056K), 6 survivors (6144K)
 Metaspace       used 110540K, capacity 114807K, committed 115152K, reserved 616448K
  class space    used 14531K, capacity 16147K, committed 16256K, reserved 516096K
}
Event: 62.900 GC heap after
{Heap after GC invocations=60 (full 0):
 garbage-first heap   total 313344K, used 168857K [0x0000000080000000, 0x0000000100000000)
  region size 1024K, 6 young (6144K), 6 survivors (6144K)
 Metaspace       used 110540K, capacity 114807K, committed 115152K, reserved 616448K
  class space    used 14531K, capacity 16147K, committed 16256K, reserved 516096K
}
Event: 64.168 GC heap before
{Heap before GC invocations=60 (full 0):
 garbage-first heap   total 313344K, used 231321K [0x0000000080000000, 0x0000000100000000)
  region size 1024K, 67 young (68608K), 6 survivors (6144K)
 Metaspace       used 115420K, capacity 119771K, committed 119888K, reserved 620544K
  class space    used 15176K, capacity 16827K, committed 16896K, reserved 516096K
}
Event: 64.204 GC heap after
{Heap after GC invocations=61 (full 0):
 garbage-first heap   total 313344K, used 178226K [0x0000000080000000, 0x0000000100000000)
  region size 1024K, 9 young (9216K), 9 survivors (9216K)
 Metaspace       used 115420K, capacity 119771K, committed 119888K, reserved 620544K
  class space    used 15176K, capacity 16827K, committed 16896K, reserved 516096K
}
Event: 65.223 GC heap before
{Heap before GC invocations=62 (full 0):
 garbage-first heap   total 313344K, used 237618K [0x0000000080000000, 0x0000000100000000)
  region size 1024K, 67 young (68608K), 9 survivors (9216K)
 Metaspace       used 116044K, capacity 120505K, committed 120656K, reserved 620544K
  class space    used 15233K, capacity 16871K, committed 16896K, reserved 516096K
}
Event: 65.242 GC heap after
{Heap after GC invocations=63 (full 0):
 garbage-first heap   total 313344K, used 185699K [0x0000000080000000, 0x0000000100000000)
  region size 1024K, 7 young (7168K), 7 survivors (7168K)
 Metaspace       used 116044K, capacity 120505K, committed 120656K, reserved 620544K
  class space    used 15233K, capacity 16871K, committed 16896K, reserved 516096K
}
Event: 66.053 GC heap before
{Heap before GC invocations=63 (full 0):
 garbage-first heap   total 313344K, used 244067K [0x0000000080000000, 0x0000000100000000)
  region size 1024K, 64 young (65536K), 7 survivors (7168K)
 Metaspace       used 118447K, capacity 122896K, committed 123088K, reserved 622592K
  class space    used 15489K, capacity 17168K, committed 17280K, reserved 516096K
}
Event: 66.065 GC heap after
{Heap after GC invocations=64 (full 0):
 garbage-first heap   total 313344K, used 190365K [0x0000000080000000, 0x0000000100000000)
  region size 1024K, 6 young (6144K), 6 survivors (6144K)
 Metaspace       used 118447K, capacity 122896K, committed 123088K, reserved 622592K
  class space    used 15489K, capacity 17168K, committed 17280K, reserved 516096K
}
Event: 66.634 GC heap before
{Heap before GC invocations=65 (full 0):
 garbage-first heap   total 313344K, used 249757K [0x0000000080000000, 0x0000000100000000)
  region size 1024K, 64 young (65536K), 6 survivors (6144K)
 Metaspace       used 119948K, capacity 124595K, committed 124624K, reserved 624640K
  class space    used 15722K, capacity 17513K, committed 17536K, reserved 516096K
}
Event: 66.647 GC heap after
{Heap after GC invocations=66 (full 0):
 garbage-first heap   total 313344K, used 195333K [0x0000000080000000, 0x0000000100000000)
  region size 1024K, 5 young (5120K), 5 survivors (5120K)
 Metaspace       used 119948K, capacity 124595K, committed 124624K, reserved 624640K
  class space    used 15722K, capacity 17513K, committed 17536K, reserved 516096K
}
Event: 67.992 GC heap before
{Heap before GC invocations=66 (full 0):
 garbage-first heap   total 313344K, used 253701K [0x0000000080000000, 0x0000000100000000)
  region size 1024K, 63 young (64512K), 5 survivors (5120K)
 Metaspace       used 120549K, capacity 125325K, committed 125520K, reserved 624640K
  class space    used 15795K, capacity 17601K, committed 17664K, reserved 516096K
}
Event: 68.004 GC heap after
{Heap after GC invocations=67 (full 0):
 garbage-first heap   total 313344K, used 199525K [0x0000000080000000, 0x0000000100000000)
  region size 1024K, 5 young (5120K), 5 survivors (5120K)
 Metaspace       used 120549K, capacity 125325K, committed 125520K, reserved 624640K
  class space    used 15795K, capacity 17601K, committed 17664K, reserved 516096K
}
Event: 71.094 GC heap before
{Heap before GC invocations=68 (full 0):
 garbage-first heap   total 313344K, used 257893K [0x0000000080000000, 0x0000000100000000)
  region size 1024K, 62 young (63488K), 5 survivors (5120K)
 Metaspace       used 120577K, capacity 125347K, committed 125520K, reserved 624640K
  class space    used 15801K, capacity 17608K, committed 17664K, reserved 516096K
}
Event: 71.108 GC heap after
{Heap after GC invocations=69 (full 0):
 garbage-first heap   total 313344K, used 206962K [0x0000000080000000, 0x0000000100000000)
  region size 1024K, 8 young (8192K), 8 survivors (8192K)
 Metaspace       used 120577K, capacity 125347K, committed 125520K, reserved 624640K
  class space    used 15801K, capacity 17608K, committed 17664K, reserved 516096K
}
Event: 77.255 GC heap before
{Heap before GC invocations=69 (full 0):
 garbage-first heap   total 313344K, used 261234K [0x0000000080000000, 0x0000000100000000)
  region size 1024K, 61 young (62464K), 8 survivors (8192K)
 Metaspace       used 120624K, capacity 125368K, committed 125520K, reserved 624640K
  class space    used 15803K, capacity 17612K, committed 17664K, reserved 516096K
}
Event: 77.277 GC heap after
{Heap after GC invocations=70 (full 0):
 garbage-first heap   total 313344K, used 215139K [0x0000000080000000, 0x0000000100000000)
  region size 1024K, 8 young (8192K), 8 survivors (8192K)
 Metaspace       used 120624K, capacity 125368K, committed 125520K, reserved 624640K
  class space    used 15803K, capacity 17612K, committed 17664K, reserved 516096K
}

