# JRE version: OpenJDK Runtime Environment Microsoft-7208460 (11.0.18+10) (build 11.0.18+10-LTS)
# Java VM: OpenJDK 64-Bit Server VM Microsoft-7208460 (11.0.18+10-LTS, mixed mode, tiered, compressed oops, g1 gc, windows-amd64)
Heap:
 garbage-first heap   total 288768K, used 185563K [0x0000000080000000, 0x0000000100000000)
  region size 1024K, 11 young (11264K), 8 survivors (8192K)
 Metaspace       used 116358K, capacity 120513K, committed 120532K, reserved 620544K
  class space    used 15253K, capacity 16892K, committed 16896K, reserved 516096K
GC Heap History (20 events):
Event: 48.582 GC heap before
{Heap before GC invocations=63 (full 0):
 garbage-first heap   total 240640K, used 161964K [0x0000000080000000, 0x0000000100000000)
  region size 1024K, 45 young (46080K), 9 survivors (9216K)
 Metaspace       used 102811K, capacity 106090K, committed 106196K, reserved 608256K
  class space    used 13525K, capacity 14842K, committed 14848K, reserved 516096K
}
Event: 48.601 GC heap after
{Heap after GC invocations=64 (full 0):
 garbage-first heap   total 240640K, used 132619K [0x0000000080000000, 0x0000000100000000)
  region size 1024K, 6 young (6144K), 6 survivors (6144K)
 Metaspace       used 102811K, capacity 106090K, committed 106196K, reserved 608256K
  class space    used 13525K, capacity 14842K, committed 14848K, reserved 516096K
}
Event: 49.962 GC heap before
{Heap before GC invocations=65 (full 0):
 garbage-first heap   total 240640K, used 183819K [0x0000000080000000, 0x0000000100000000)
  region size 1024K, 53 young (54272K), 6 survivors (6144K)
 Metaspace       used 104954K, capacity 108430K, committed 108628K, reserved 610304K
  class space    used 13795K, capacity 15191K, committed 15232K, reserved 516096K
}
Event: 49.973 GC heap after
{Heap after GC invocations=66 (full 0):
 garbage-first heap   total 240640K, used 141413K [0x0000000080000000, 0x0000000100000000)
  region size 1024K, 5 young (5120K), 5 survivors (5120K)
 Metaspace       used 104954K, capacity 108430K, committed 108628K, reserved 610304K
  class space    used 13795K, capacity 15191K, committed 15232K, reserved 516096K
}
Event: 50.139 GC heap before
{Heap before GC invocations=66 (full 0):
 garbage-first heap   total 240640K, used 149605K [0x0000000080000000, 0x0000000100000000)
  region size 1024K, 14 young (14336K), 5 survivors (5120K)
 Metaspace       used 105021K, capacity 108494K, committed 108628K, reserved 610304K
  class space    used 13802K, capacity 15202K, committed 15232K, reserved 516096K
}
Event: 50.148 GC heap after
{Heap after GC invocations=67 (full 0):
 garbage-first heap   total 240640K, used 143909K [0x0000000080000000, 0x0000000100000000)
  region size 1024K, 3 young (3072K), 3 survivors (3072K)
 Metaspace       used 105021K, capacity 108494K, committed 108628K, reserved 610304K
  class space    used 13802K, capacity 15202K, committed 15232K, reserved 516096K
}
Event: 50.948 GC heap before
{Heap before GC invocations=68 (full 0):
 garbage-first heap   total 240640K, used 189989K [0x0000000080000000, 0x0000000100000000)
  region size 1024K, 47 young (48128K), 3 survivors (3072K)
 Metaspace       used 107133K, capacity 110708K, committed 110804K, reserved 612352K
  class space    used 14072K, capacity 15525K, committed 15616K, reserved 516096K
}
Event: 50.957 GC heap after
{Heap after GC invocations=69 (full 0):
 garbage-first heap   total 240640K, used 150631K [0x0000000080000000, 0x0000000100000000)
  region size 1024K, 6 young (6144K), 6 survivors (6144K)
 Metaspace       used 107133K, capacity 110708K, committed 110804K, reserved 612352K
  class space    used 14072K, capacity 15525K, committed 15616K, reserved 516096K
}
Event: 52.052 GC heap before
{Heap before GC invocations=69 (full 0):
 garbage-first heap   total 240640K, used 193639K [0x0000000080000000, 0x0000000100000000)
  region size 1024K, 48 young (49152K), 6 survivors (6144K)
 Metaspace       used 111456K, capacity 115061K, committed 115156K, reserved 616448K
  class space    used 14674K, capacity 16108K, committed 16128K, reserved 516096K
}
Event: 52.067 GC heap after
{Heap after GC invocations=70 (full 0):
 garbage-first heap   total 240640K, used 155724K [0x0000000080000000, 0x0000000100000000)
  region size 1024K, 5 young (5120K), 5 survivors (5120K)
 Metaspace       used 111456K, capacity 115061K, committed 115156K, reserved 616448K
  class space    used 14674K, capacity 16108K, committed 16128K, reserved 516096K
}
Event: 53.704 GC heap before
{Heap before GC invocations=71 (full 0):
 garbage-first heap   total 240640K, used 196684K [0x0000000080000000, 0x0000000100000000)
  region size 1024K, 45 young (46080K), 5 survivors (5120K)
 Metaspace       used 112416K, capacity 116236K, committed 116308K, reserved 616448K
  class space    used 14765K, capacity 16236K, committed 16256K, reserved 516096K
}
Event: 53.726 GC heap after
{Heap after GC invocations=72 (full 0):
 garbage-first heap   total 288768K, used 162353K [0x0000000080000000, 0x0000000100000000)
  region size 1024K, 6 young (6144K), 6 survivors (6144K)
 Metaspace       used 112416K, capacity 116236K, committed 116308K, reserved 616448K
  class space    used 14765K, capacity 16236K, committed 16256K, reserved 516096K
}
Event: 54.937 GC heap before
{Heap before GC invocations=72 (full 0):
 garbage-first heap   total 288768K, used 219697K [0x0000000080000000, 0x0000000100000000)
  region size 1024K, 62 young (63488K), 6 survivors (6144K)
 Metaspace       used 113516K, capacity 117424K, committed 117460K, reserved 618496K
  class space    used 14869K, capacity 16370K, committed 16384K, reserved 516096K
}
Event: 54.956 GC heap after
{Heap after GC invocations=73 (full 0):
 garbage-first heap   total 288768K, used 168754K [0x0000000080000000, 0x0000000100000000)
  region size 1024K, 7 young (7168K), 7 survivors (7168K)
 Metaspace       used 113516K, capacity 117424K, committed 117460K, reserved 618496K
  class space    used 14869K, capacity 16370K, committed 16384K, reserved 516096K
}
Event: 55.751 GC heap before
{Heap before GC invocations=74 (full 0):
 garbage-first heap   total 288768K, used 225074K [0x0000000080000000, 0x0000000100000000)
  region size 1024K, 62 young (63488K), 7 survivors (7168K)
 Metaspace       used 115215K, capacity 119130K, committed 119252K, reserved 620544K
  class space    used 15054K, capacity 16587K, committed 16640K, reserved 516096K
}
Event: 55.762 GC heap after
{Heap after GC invocations=75 (full 0):
 garbage-first heap   total 288768K, used 173006K [0x0000000080000000, 0x0000000100000000)
  region size 1024K, 5 young (5120K), 5 survivors (5120K)
 Metaspace       used 115215K, capacity 119130K, committed 119252K, reserved 620544K
  class space    used 15054K, capacity 16587K, committed 16640K, reserved 516096K
}
Event: 57.203 GC heap before
{Heap before GC invocations=75 (full 0):
 garbage-first heap   total 288768K, used 229326K [0x0000000080000000, 0x0000000100000000)
  region size 1024K, 61 young (62464K), 5 survivors (5120K)
 Metaspace       used 116324K, capacity 120488K, committed 120532K, reserved 620544K
  class space    used 15247K, capacity 16885K, committed 16896K, reserved 516096K
}
Event: 57.218 GC heap after
{Heap after GC invocations=76 (full 0):
 garbage-first heap   total 288768K, used 176353K [0x0000000080000000, 0x0000000100000000)
  region size 1024K, 4 young (4096K), 4 survivors (4096K)
 Metaspace       used 116324K, capacity 120488K, committed 120532K, reserved 620544K
  class space    used 15247K, capacity 16885K, committed 16896K, reserved 516096K
}
Event: 62.784 GC heap before
{Heap before GC invocations=77 (full 0):
 garbage-first heap   total 288768K, used 233697K [0x0000000080000000, 0x0000000100000000)
  region size 1024K, 60 young (61440K), 4 survivors (4096K)
 Metaspace       used 116341K, capacity 120498K, committed 120532K, reserved 620544K
  class space    used 15249K, capacity 16887K, committed 16896K, reserved 516096K
}
Event: 62.798 GC heap after
{Heap after GC invocations=78 (full 0):
 garbage-first heap   total 288768K, used 183515K [0x0000000080000000, 0x0000000100000000)
  region size 1024K, 8 young (8192K), 8 survivors (8192K)
 Metaspace       used 116341K, capacity 120498K, committed 120532K, reserved 620544K
  class space    used 15249K, capacity 16887K, committed 16896K, reserved 516096K
}

